<?xml version="1.0" encoding="UTF-8"?>
<testsuite name="ru.stqa.pft.addressbook.tests.CreateGroupTests" tests="1" skipped="0" failures="0" errors="0" timestamp="2020-10-28T10:29:33" hostname="MacBook-Air.local" time="10.403">
  <properties/>
  <testcase name="testCreateGroup" classname="ru.stqa.pft.addressbook.tests.CreateGroupTests" time="10.403"/>
  <system-out><![CDATA[]]></system-out>
  <system-err><![CDATA[SLF4J: Failed to load class "org.slf4j.impl.StaticLoggerBinder".
SLF4J: Defaulting to no-operation (NOP) logger implementation
SLF4J: See http://www.slf4j.org/codes.html#StaticLoggerBinder for further details.
Starting MSEdgeDriver 85.0.564.44 (3b106b45f8e7cd4c3e2aac5a6ba411645c16df60) on port 44638
Only local connections are allowed.
Please see https://chromedriver.chromium.org/security-considerations for suggestions on keeping MSEdgeDriver safe.
MSEdgeDriver was started successfully.
OneAuth Version 1.1.0 (com.microsoft.Edge)
окт. 28, 2020 12:29:40 PM org.openqa.selenium.remote.ProtocolHandshake createSession
INFO: Detected dialect: W3C
]]></system-err>
</testsuite>
