<?xml version="1.0" encoding="UTF-8"?>
<testsuite name="ru.stqa.pft.addressbook.GroupDeletionTests" tests="1" skipped="0" failures="0" errors="0" timestamp="2020-10-19T08:53:51" hostname="MacBook-Air.local" time="10.474">
  <properties/>
  <testcase name="testGroupDeletion" classname="ru.stqa.pft.addressbook.GroupDeletionTests" time="10.474"/>
  <system-out><![CDATA[]]></system-out>
  <system-err><![CDATA[SLF4J: Failed to load class "org.slf4j.impl.StaticLoggerBinder".
SLF4J: Defaulting to no-operation (NOP) logger implementation
SLF4J: See http://www.slf4j.org/codes.html#StaticLoggerBinder for further details.
1603097633022	geckodriver	INFO	Listening on 127.0.0.1:39951
1603097633876	mozrunner::runner	INFO	Running command: "/Applications/Firefox.app/Contents/MacOS/firefox-bin" "--marionette" "-foreground" "-no-remote" "-profile" "/var/folders/jv/kl2zvr9s1f7d7nxktb291kt00000gn/T/rust_mozprofileHEbRGk"
console.error: SearchCache: "_readCacheFile: Error reading cache file:" (new Error("", "(unknown module)"))
1603097637874	Marionette	INFO	Listening on port 60201
1603097637918	Marionette	WARN	TLS certificate errors will be ignored for this session
окт. 19, 2020 11:53:58 AM org.openqa.selenium.remote.ProtocolHandshake createSession
INFO: Detected dialect: W3C
1603097641103	Marionette	INFO	Stopped listening on port 60201

###!!! [Parent][MessageChannel] Error: (msgtype=0x1D0011,name=PBackgroundStorage::Msg_Observe) Channel error: cannot send/recv

]]></system-err>
</testsuite>
