<?xml version="1.0" encoding="UTF-8"?>
<testsuite name="ru.stqa.pft.addressbook.tests.CreateGroupTests" tests="2" skipped="0" failures="0" errors="0" timestamp="2020-12-03T10:20:57" hostname="MacBook-Air.local" time="6.177">
  <properties/>
  <testcase name="testBadCreateGroup" classname="ru.stqa.pft.addressbook.tests.CreateGroupTests" time="3.273"/>
  <testcase name="testCreateGroup" classname="ru.stqa.pft.addressbook.tests.CreateGroupTests" time="2.9"/>
  <system-out><![CDATA[]]></system-out>
  <system-err><![CDATA[]]></system-err>
</testsuite>
