<?xml version="1.0" encoding="UTF-8"?>
<testsuite name="ru.stqa.pft.addressbook.tests.CreateGroupTests" tests="1" skipped="0" failures="0" errors="0" timestamp="2020-11-20T11:47:24" hostname="MacBook-Air.local" time="3.071">
  <properties/>
  <testcase name="testCreateGroup" classname="ru.stqa.pft.addressbook.tests.CreateGroupTests" time="3.071"/>
  <system-out><![CDATA[]]></system-out>
  <system-err><![CDATA[]]></system-err>
</testsuite>
