<?xml version="1.0" encoding="UTF-8"?>
<testsuite name="ru.stqa.pft.addressbook.tests.DbConnectionTest" tests="1" skipped="0" failures="0" errors="0" timestamp="2021-02-03T10:46:55" hostname="MacBook-Air.local" time="0.334">
  <properties/>
  <testcase name="testDbConnection" classname="ru.stqa.pft.addressbook.tests.DbConnectionTest" time="0.334"/>
  <system-out><![CDATA[[GroupData{id='55', name='test22'}, GroupData{id='84', name='names'}, GroupData{id='63', name='names'}, GroupData{id='61', name='name3'}, GroupData{id='71', name='names'}, GroupData{id='39', name='test12'}, GroupData{id='67', name='names'}, GroupData{id='43', name='test12'}, GroupData{id='79', name='names'}, GroupData{id='75', name='names'}, GroupData{id='87', name='names'}, GroupData{id='54', name='test22'}, GroupData{id='83', name='names'}, GroupData{id='58', name='test22'}, GroupData{id='62', name='names'}, GroupData{id='46', name='test12'}, GroupData{id='49', name='test22'}, GroupData{id='91', name='names'}, GroupData{id='60', name='name2'}, GroupData{id='70', name='names'}, GroupData{id='38', name='test12'}, GroupData{id='66', name='names'}, GroupData{id='42', name='test12'}, GroupData{id='86', name='names'}, GroupData{id='53', name='test22'}, GroupData{id='82', name='names'}, GroupData{id='57', name='test22'}, GroupData{id='45', name='test12'}, GroupData{id='65', name='names'}, GroupData{id='90', name='names'}, GroupData{id='59', name='name1'}, GroupData{id='37', name='test12'}, GroupData{id='73', name='names'}, GroupData{id='41', name='test12'}, GroupData{id='69', name='names'}, GroupData{id='81', name='names'}, GroupData{id='77', name='names'}, GroupData{id='52', name='test22'}, GroupData{id='89', name='names'}, GroupData{id='56', name='test22'}, GroupData{id='85', name='names'}, GroupData{id='64', name='names'}, GroupData{id='48', name='test12'}, GroupData{id='50', name='test33'}, GroupData{id='51', name='test22'}, GroupData{id='72', name='names'}, GroupData{id='40', name='test12'}, GroupData{id='68', name='names'}, GroupData{id='44', name='test12'}]
]]></system-out>
  <system-err><![CDATA[]]></system-err>
</testsuite>
