<?xml version="1.0" encoding="UTF-8"?>
<testsuite name="ru.stqa.pft.addressbook.tests.CreateGroupTests" tests="4" skipped="0" failures="0" errors="0" timestamp="2021-02-01T13:04:03" hostname="MacBook-Air.local" time="21.85">
  <properties/>
  <testcase name="testBadCreateGroup[0](badname1', header1, footer1)" classname="ru.stqa.pft.addressbook.tests.CreateGroupTests" time="5.961"/>
  <testcase name="testBadCreateGroup[1](name2, badheader2', footer2)" classname="ru.stqa.pft.addressbook.tests.CreateGroupTests" time="5.551"/>
  <testcase name="testCreateGroup[0](GroupData{id='0', name='names'})" classname="ru.stqa.pft.addressbook.tests.CreateGroupTests" time="4.895"/>
  <testcase name="testCreateGroup[1](GroupData{id='0', name='names'})" classname="ru.stqa.pft.addressbook.tests.CreateGroupTests" time="5.352"/>
  <system-out><![CDATA[]]></system-out>
  <system-err><![CDATA[]]></system-err>
</testsuite>
