<?xml version="1.0" encoding="UTF-8"?>
<testsuite name="ru.stqa.pft.addressbook.tests.CreateGroupTests" tests="5" skipped="0" failures="0" errors="0" timestamp="2021-02-01T10:21:43" hostname="MacBook-Air.local" time="23.138">
  <properties/>
  <testcase name="testBadCreateGroup[0](badname1', header1, footer1)" classname="ru.stqa.pft.addressbook.tests.CreateGroupTests" time="4.989"/>
  <testcase name="testBadCreateGroup[1](name2, badheader2', footer2)" classname="ru.stqa.pft.addressbook.tests.CreateGroupTests" time="4.56"/>
  <testcase name="testCreateGroup[0](GroupData{id='0', name='names'})" classname="ru.stqa.pft.addressbook.tests.CreateGroupTests" time="4.485"/>
  <testcase name="testCreateGroup[1](GroupData{id='0', name='names'})" classname="ru.stqa.pft.addressbook.tests.CreateGroupTests" time="4.491"/>
  <testcase name="testCreateGroup[2](GroupData{id='0', name='names'})" classname="ru.stqa.pft.addressbook.tests.CreateGroupTests" time="4.605"/>
  <system-out><![CDATA[]]></system-out>
  <system-err><![CDATA[]]></system-err>
</testsuite>
