<?xml version="1.0" encoding="UTF-8"?>
<testsuite name="ru.stqa.pft.addressbook.tests.GroupModificationTests" tests="1" skipped="0" failures="0" errors="0" timestamp="2020-10-22T11:18:22" hostname="MacBook-Air.local" time="9.971">
  <properties/>
  <testcase name="testGroupModification" classname="ru.stqa.pft.addressbook.tests.GroupModificationTests" time="9.971"/>
  <system-out><![CDATA[]]></system-out>
  <system-err><![CDATA[SLF4J: Failed to load class "org.slf4j.impl.StaticLoggerBinder".
SLF4J: Defaulting to no-operation (NOP) logger implementation
SLF4J: See http://www.slf4j.org/codes.html#StaticLoggerBinder for further details.
1603365503889	geckodriver	INFO	Listening on 127.0.0.1:43375
1603365504529	mozrunner::runner	INFO	Running command: "/Applications/Firefox.app/Contents/MacOS/firefox-bin" "--marionette" "-foreground" "-no-remote" "-profile" "/var/folders/jv/kl2zvr9s1f7d7nxktb291kt00000gn/T/rust_mozprofilegq3Nvh"
console.warn: SearchSettings: "get: No settings file exists, new profile?" (new Error("", "(unknown module)"))
1603365507777	Marionette	INFO	Listening on port 52309
1603365507978	Marionette	WARN	TLS certificate errors will be ignored for this session
окт. 22, 2020 2:18:28 PM org.openqa.selenium.remote.ProtocolHandshake createSession
INFO: Detected dialect: W3C
1603365511913	Marionette	INFO	Stopped listening on port 52309
]]></system-err>
</testsuite>
