<?xml version="1.0" encoding="UTF-8"?>
<testsuite name="ru.stqa.pft.addressbook.tests.GroupDeletionTests" tests="1" skipped="0" failures="0" errors="0" timestamp="2020-10-20T09:56:18" hostname="MacBook-Air.local" time="11.174">
  <properties/>
  <testcase name="testGroupDeletion" classname="ru.stqa.pft.addressbook.tests.GroupDeletionTests" time="11.174"/>
  <system-out><![CDATA[]]></system-out>
  <system-err><![CDATA[SLF4J: Failed to load class "org.slf4j.impl.StaticLoggerBinder".
SLF4J: Defaulting to no-operation (NOP) logger implementation
SLF4J: See http://www.slf4j.org/codes.html#StaticLoggerBinder for further details.
1603187780115	geckodriver	INFO	Listening on 127.0.0.1:32215
1603187781109	mozrunner::runner	INFO	Running command: "/Applications/Firefox.app/Contents/MacOS/firefox-bin" "--marionette" "-foreground" "-no-remote" "-profile" "/var/folders/jv/kl2zvr9s1f7d7nxktb291kt00000gn/T/rust_mozprofileeE157e"
console.error: SearchCache: "_readCacheFile: Error reading cache file:" (new Error("", "(unknown module)"))
1603187785191	Marionette	INFO	Listening on port 58064
1603187785276	Marionette	WARN	TLS certificate errors will be ignored for this session
окт. 20, 2020 12:56:25 PM org.openqa.selenium.remote.ProtocolHandshake createSession
INFO: Detected dialect: W3C
1603187788564	Marionette	INFO	Stopped listening on port 58064
]]></system-err>
</testsuite>
